Build started 2016/3/5 15:04:29.
     1>Project "D:\dev\NTGame\NTGame\NTGame.Windows\NTGame.Windows.vcxproj" on node 2 (Build target(s)).
     1>ClCompile:
         D:\dev\VC\bin\x86_amd64\CL.exe /c /ID:\dev\NTGame\NTGame\NTGame.Windows\ /Ix64\Debug\ /I"D:\software\Autodesk\FBX\FBX SDK\2015.1\include" /ID:\dev\NTGame\NTGame\NTGame.Windows\ /I"Generated Files\\" /Ix64\Debug\ /ID:\dev\NTGame\NTGame\NTGame.Shared\ /Zi /ZW /ZW:nostdlib /nologo /W3 /WX- /sdl /MP /Od /D _DEBUG /D FBXSDK_SHARED /D _UNICODE /D UNICODE /D _DEBUG /D WINAPI_FAMILY=WINAPI_FAMILY_APP /Gm- /EHsc /RTC1 /MDd /GS /fp:precise /Zc:wchar_t /Zc:forScope /Yu"pch.h" /Fp"x64\Debug\pch.pch" /Fo"x64\Debug\\" /Fd"x64\Debug\vc120.pdb" /Gd /TP /wd4453 /wd28204 /FU"C:\Program Files (x86)\Microsoft SDKs\Windows\v8.1\ExtensionSDKs\Microsoft.VCLibs\12.0\References\CommonConfiguration\neutral\platform.winmd" /FU"C:\Program Files (x86)\Windows Kits\8.1\References\CommonConfiguration\Neutral\Windows.winmd" /FU"C:\Program Files (x86)\Windows Kits\8.1\References\CommonConfiguration\Neutral\Windows.winmd" /errorReport:prompt /bigobj D:\dev\NTGame\NTGame\NTGame.Shared\EObjResource.cpp
         EObjResource.cpp
     1>d:\dev\ntgame\ntgame\ntgame.shared\EObjResource.h(62): warning C4267: 'return' : conversion from 'size_t' to 'int', possible loss of data
       Link:
         D:\dev\VC\bin\x86_amd64\link.exe /ERRORREPORT:PROMPT /OUT:"D:\dev\NTGame\x64\Debug\NTGame.Windows\NTGame.Windows.exe" /INCREMENTAL /NOLOGO /LIBPATH:D:\dev\VC\\lib\store\amd64 /LIBPATH:D:\dev\VC\\lib\amd64 /LIBPATH:"D:\software\Autodesk\FBX\FBX SDK\2015.1\lib\vs2013\x64\Debug" d2d1.lib d3d11.lib dxgi.lib ole32.lib windowscodecs.lib dwrite.lib libfbxsdk.lib kernel32.lib /MANIFEST:NO /DEBUG /PDB:"D:\dev\NTGame\x64\Debug\NTGame.Windows\NTGame.Windows.pdb" /SUBSYSTEM:WINDOWS /TLBID:1 /APPCONTAINER /WINMD /WINMDFILE:"D:\dev\NTGame\x64\Debug\NTGame.Windows\NTGame.winmd" /DYNAMICBASE /NXCOMPAT /MACHINE:X64 x64\Debug\EObjResource.obj
         x64\Debug\ERender.obj
         x64\Debug\EFbxObj.obj
         x64\Debug\ESubStr.obj
         x64\Debug\app.obj
         x64\Debug\NTGameMain.obj
         x64\Debug\pch.obj
         x64\Debug\DeviceResources.obj
         x64\Debug\SampleFpsTextRenderer.obj
         x64\Debug\Sample3DSceneRenderer.obj
         NTGame.Windows.vcxproj -> D:\dev\NTGame\x64\Debug\NTGame.Windows\NTGame.Windows.exe
     1>Done Building Project "D:\dev\NTGame\NTGame\NTGame.Windows\NTGame.Windows.vcxproj" (Build target(s)).

Build succeeded.

Time Elapsed 00:00:01.62
